<?xml version="1.0" encoding="UTF-8"?>
<!-- Generated by org.testng.reporters.JUnitReportReporter -->
<testsuite skipped="0" hostname="vidyas-lenovo" name="main.Sample" tests="2" failures="0" timestamp="08 Aug 2018 19:08:28 GMT" time="0.028" errors="0">
  <testcase name="SamplePrgm1" time="0.004" classname="main.Sample"/>
  <testcase name="SamplePrgm1" time="0.024" classname="main.Sample"/>
</testsuite> <!-- main.Sample -->
